<?xml version="1.0" encoding="UTF-8"?>
<testng-results ignored="0" total="1" passed="1" failed="0" skipped="0">
  <reporter-output>
  </reporter-output>
  <suite started-at="2024-04-02T13:08:29 IST" name="Default suite" finished-at="2024-04-02T13:08:29 IST" duration-ms="483">
    <groups>
    </groups>
    <test started-at="2024-04-02T13:08:29 IST" name="Default test" finished-at="2024-04-02T13:08:29 IST" duration-ms="483">
      <class name="test.ExcelSheetTest">
        <test-method signature="demo()[pri:0, instance:test.ExcelSheetTest@2b48a640]" started-at="2024-04-02T13:08:29 IST" name="demo" finished-at="2024-04-02T13:08:29 IST" duration-ms="459" status="PASS">
          <reporter-output>
          </reporter-output>
        </test-method> <!-- demo -->
      </class> <!-- test.ExcelSheetTest -->
    </test> <!-- Default test -->
  </suite> <!-- Default suite -->
</testng-results>
